#-----------------------------------------------------------
# Vivado v2018.2 (64-bit)
# SW Build 2258646 on Thu Jun 14 20:03:12 MDT 2018
# IP Build 2256618 on Thu Jun 14 22:10:49 MDT 2018
# Start of session at: Sat May  4 15:14:37 2024
# Process ID: 21292
# Current directory: C:/Vivado Code/ece281-lab5
# Command line: vivado.exe -gui_launcher_event rodinguilauncherevent2128 C:\Vivado Code\ece281-lab5\basic_cpu.xpr
# Log file: C:/Vivado Code/ece281-lab5/vivado.log
# Journal file: C:/Vivado Code/ece281-lab5\vivado.jou
#-----------------------------------------------------------
start_gui
open_project {C:/Vivado Code/ece281-lab5/basic_cpu.xpr}
Scanning sources...
Finished scanning sources
INFO: [IP_Flow 19-234] Refreshing IP repositories
INFO: [IP_Flow 19-1704] No user IP repositories specified
INFO: [IP_Flow 19-2313] Loaded Vivado IP repository 'C:/Xilinx/Vivado/2018.2/data/ip'.
update_compile_order -fileset sources_1
file mkdir C:/Vivado Code/ece281-lab5/basic_cpu.srcs/sources_1/new
file mkdir C:/Vivado Code/ece281-lab5/basic_cpu.srcs/sources_1/new
close [ open {C:/Vivado Code/ece281-lab5/src/hdl/Mux_4T1_2bits.vhd} w ]
add_files {{C:/Vivado Code/ece281-lab5/src/hdl/Mux_4T1_2bits.vhd}}
update_compile_order -fileset sources_1
file mkdir C:/Vivado Code/ece281-lab5/basic_cpu.srcs/sources_1/new
file mkdir C:/Vivado Code/ece281-lab5/basic_cpu.srcs/sources_1/new
close [ open {C:/Vivado Code/ece281-lab5/src/hdl/Mux_2T1.vhd} w ]
add_files {{C:/Vivado Code/ece281-lab5/src/hdl/Mux_2T1.vhd}}
update_compile_order -fileset sources_1
update_compile_order -fileset sources_1
update_compile_order -fileset sources_1
exit
INFO: [Common 17-206] Exiting Vivado at Sat May  4 17:09:37 2024...
