#-----------------------------------------------------------
# Vivado v2018.2 (64-bit)
# SW Build 2258646 on Thu Jun 14 20:03:12 MDT 2018
# IP Build 2256618 on Thu Jun 14 22:10:49 MDT 2018
# Start of session at: Sat May  4 17:09:56 2024
# Process ID: 17464
# Current directory: C:/Vivado Code/ece281-lab5
# Command line: vivado.exe -gui_launcher_event rodinguilauncherevent22956 C:\Vivado Code\ece281-lab5\basic_cpu.xpr
# Log file: C:/Vivado Code/ece281-lab5/vivado.log
# Journal file: C:/Vivado Code/ece281-lab5\vivado.jou
#-----------------------------------------------------------
start_gui
open_project {C:/Vivado Code/ece281-lab5/basic_cpu.xpr}
Scanning sources...
Finished scanning sources
INFO: [IP_Flow 19-234] Refreshing IP repositories
INFO: [IP_Flow 19-1704] No user IP repositories specified
INFO: [IP_Flow 19-2313] Loaded Vivado IP repository 'C:/Xilinx/Vivado/2018.2/data/ip'.
update_compile_order -fileset sources_1
close [ open {C:/Vivado Code/ece281-lab5/src/hdl/subtrator.vhd} w ]
add_files {{C:/Vivado Code/ece281-lab5/src/hdl/subtrator.vhd}}
update_compile_order -fileset sources_1
update_compile_order -fileset sources_1
update_compile_order -fileset sources_1
launch_runs impl_1 -to_step write_bitstream -jobs 4
[Sat May  4 18:44:26 2024] Launched synth_1...
Run output will be captured here: C:/Vivado Code/ece281-lab5/basic_cpu.runs/synth_1/runme.log
[Sat May  4 18:44:26 2024] Launched impl_1...
Run output will be captured here: C:/Vivado Code/ece281-lab5/basic_cpu.runs/impl_1/runme.log
reset_run synth_1
launch_runs impl_1 -to_step write_bitstream -jobs 4
[Sat May  4 18:57:48 2024] Launched synth_1...
Run output will be captured here: C:/Vivado Code/ece281-lab5/basic_cpu.runs/synth_1/runme.log
[Sat May  4 18:57:48 2024] Launched impl_1...
Run output will be captured here: C:/Vivado Code/ece281-lab5/basic_cpu.runs/impl_1/runme.log
reset_run synth_1
launch_runs impl_1 -to_step write_bitstream -jobs 4
[Sat May  4 19:03:08 2024] Launched synth_1...
Run output will be captured here: C:/Vivado Code/ece281-lab5/basic_cpu.runs/synth_1/runme.log
[Sat May  4 19:03:08 2024] Launched impl_1...
Run output will be captured here: C:/Vivado Code/ece281-lab5/basic_cpu.runs/impl_1/runme.log
reset_run synth_1
launch_runs impl_1 -to_step write_bitstream -jobs 4
[Sat May  4 19:06:53 2024] Launched synth_1...
Run output will be captured here: C:/Vivado Code/ece281-lab5/basic_cpu.runs/synth_1/runme.log
[Sat May  4 19:06:53 2024] Launched impl_1...
Run output will be captured here: C:/Vivado Code/ece281-lab5/basic_cpu.runs/impl_1/runme.log
reset_run synth_1
launch_runs impl_1 -to_step write_bitstream -jobs 4
[Sat May  4 19:09:50 2024] Launched synth_1...
Run output will be captured here: C:/Vivado Code/ece281-lab5/basic_cpu.runs/synth_1/runme.log
[Sat May  4 19:09:50 2024] Launched impl_1...
Run output will be captured here: C:/Vivado Code/ece281-lab5/basic_cpu.runs/impl_1/runme.log
reset_run synth_1
launch_runs impl_1 -to_step write_bitstream -jobs 4
[Sat May  4 19:11:58 2024] Launched synth_1...
Run output will be captured here: C:/Vivado Code/ece281-lab5/basic_cpu.runs/synth_1/runme.log
[Sat May  4 19:11:58 2024] Launched impl_1...
Run output will be captured here: C:/Vivado Code/ece281-lab5/basic_cpu.runs/impl_1/runme.log
reset_run synth_1
launch_runs impl_1 -to_step write_bitstream -jobs 4
[Sat May  4 19:22:56 2024] Launched synth_1...
Run output will be captured here: C:/Vivado Code/ece281-lab5/basic_cpu.runs/synth_1/runme.log
[Sat May  4 19:22:56 2024] Launched impl_1...
Run output will be captured here: C:/Vivado Code/ece281-lab5/basic_cpu.runs/impl_1/runme.log
exit
INFO: [Common 17-206] Exiting Vivado at Sat May  4 19:52:30 2024...
