#-----------------------------------------------------------
# Vivado v2018.2 (64-bit)
# SW Build 2258646 on Thu Jun 14 20:03:12 MDT 2018
# IP Build 2256618 on Thu Jun 14 22:10:49 MDT 2018
# Start of session at: Mon May  6 11:20:50 2024
# Process ID: 18244
# Current directory: C:/Vivado Code/ece281-lab5
# Command line: vivado.exe -gui_launcher_event rodinguilauncherevent22372 C:\Vivado Code\ece281-lab5\basic_cpu.xpr
# Log file: C:/Vivado Code/ece281-lab5/vivado.log
# Journal file: C:/Vivado Code/ece281-lab5\vivado.jou
#-----------------------------------------------------------
start_gui
open_project {C:/Vivado Code/ece281-lab5/basic_cpu.xpr}
Scanning sources...
Finished scanning sources
INFO: [IP_Flow 19-234] Refreshing IP repositories
INFO: [IP_Flow 19-1704] No user IP repositories specified
INFO: [IP_Flow 19-2313] Loaded Vivado IP repository 'C:/Xilinx/Vivado/2018.2/data/ip'.
open_project: Time (s): cpu = 00:00:06 ; elapsed = 00:00:08 . Memory (MB): peak = 842.426 ; gain = 88.047
update_compile_order -fileset sources_1
reset_run synth_1
launch_runs impl_1 -to_step write_bitstream -jobs 4
[Mon May  6 12:43:52 2024] Launched synth_1...
Run output will be captured here: C:/Vivado Code/ece281-lab5/basic_cpu.runs/synth_1/runme.log
[Mon May  6 12:43:52 2024] Launched impl_1...
Run output will be captured here: C:/Vivado Code/ece281-lab5/basic_cpu.runs/impl_1/runme.log
