#-----------------------------------------------------------
# Vivado v2018.2 (64-bit)
# SW Build 2258646 on Thu Jun 14 20:03:12 MDT 2018
# IP Build 2256618 on Thu Jun 14 22:10:49 MDT 2018
# Start of session at: Thu May  2 19:34:49 2024
# Process ID: 18864
# Current directory: C:/Vivado Code/ece281-lab5
# Command line: vivado.exe -gui_launcher_event rodinguilauncherevent3600 C:\Vivado Code\ece281-lab5\basic_cpu.xpr
# Log file: C:/Vivado Code/ece281-lab5/vivado.log
# Journal file: C:/Vivado Code/ece281-lab5\vivado.jou
#-----------------------------------------------------------
start_gui
open_project {C:/Vivado Code/ece281-lab5/basic_cpu.xpr}
Scanning sources...
Finished scanning sources
INFO: [IP_Flow 19-234] Refreshing IP repositories
INFO: [IP_Flow 19-1704] No user IP repositories specified
INFO: [IP_Flow 19-2313] Loaded Vivado IP repository 'C:/Xilinx/Vivado/2018.2/data/ip'.
update_compile_order -fileset sources_1
close [ open {C:/Vivado Code/ece281-lab5/src/hdl/Mux_4T1.vhd} w ]
add_files {{C:/Vivado Code/ece281-lab5/src/hdl/Mux_4T1.vhd}}
update_compile_order -fileset sources_1
exit
INFO: [Common 17-206] Exiting Vivado at Thu May  2 22:00:22 2024...
