#-----------------------------------------------------------
# Vivado v2018.2 (64-bit)
# SW Build 2258646 on Thu Jun 14 20:03:12 MDT 2018
# IP Build 2256618 on Thu Jun 14 22:10:49 MDT 2018
# Start of session at: Thu May  2 19:32:06 2024
# Process ID: 1480
# Current directory: C:/Vivado Code/ece281-lab5
# Command line: vivado.exe -gui_launcher_event rodinguilauncherevent12600 C:\Vivado Code\ece281-lab5\basic_cpu.xpr
# Log file: C:/Vivado Code/ece281-lab5/vivado.log
# Journal file: C:/Vivado Code/ece281-lab5\vivado.jou
#-----------------------------------------------------------
start_gui
open_project {C:/Vivado Code/ece281-lab5/basic_cpu.xpr}
CRITICAL WARNING: [Project 1-19] Could not find the file 'C:/Vivado Code/ece281-lab5/basic_cpu.srcs/sources_1/new/fullAdder.vhd'.
CRITICAL WARNING: [Project 1-19] Could not find the file 'C:/Vivado Code/ece281-lab5/basic_cpu.srcs/sources_1/new/controller_fsm.vhd'.
Scanning sources...
Finished scanning sources
WARNING: [filemgmt 56-3] IPUserFilesDir: Could not find the directory 'C:/Vivado Code/ece281-lab5/basic_cpu.ip_user_files'.
INFO: [IP_Flow 19-234] Refreshing IP repositories
INFO: [IP_Flow 19-1704] No user IP repositories specified
INFO: [IP_Flow 19-2313] Loaded Vivado IP repository 'C:/Xilinx/Vivado/2018.2/data/ip'.
update_compile_order -fileset sources_1
add_files -norecurse {{C:/Vivado Code/ece281-lab5/src/hdl/regA.vhd} {C:/Vivado Code/ece281-lab5/src/hdl/fullAdder.vhd} {C:/Vivado Code/ece281-lab5/src/hdl/regB.vhd} {C:/Vivado Code/ece281-lab5/src/hdl/controller_fsm.vhd}}
update_compile_order -fileset sources_1
export_ip_user_files -of_objects  [get_files {{C:/Vivado Code/ece281-lab5/basic_cpu.srcs/sources_1/new/controller_fsm.vhd}}] -no_script -reset -force -quiet
remove_files  {{C:/Vivado Code/ece281-lab5/basic_cpu.srcs/sources_1/new/controller_fsm.vhd}}
export_ip_user_files -of_objects  [get_files {{C:/Vivado Code/ece281-lab5/basic_cpu.srcs/sources_1/new/fullAdder.vhd}}] -no_script -reset -force -quiet
remove_files  {{C:/Vivado Code/ece281-lab5/basic_cpu.srcs/sources_1/new/fullAdder.vhd}}
exit
INFO: [Common 17-206] Exiting Vivado at Thu May  2 19:33:42 2024...
